SF:/Users/tettuan/github/tmux-monitor/src/application.ts
FN:28,<instance_members_initializer>
FN:34,Application
FN:56,run
FNDA:3,<instance_members_initializer>
FNDA:3,Application
FNDA:0,run
FNF:3
FNH:2
BRF:0
BRH:0
DA:4,1
DA:5,1
DA:27,1
DA:28,1
DA:34,1
DA:35,4
DA:36,4
DA:37,4
DA:56,0
DA:57,0
DA:58,0
DA:59,0
DA:60,0
DA:62,0
DA:63,0
DA:65,0
DA:66,0
DA:67,0
DA:68,0
DA:69,0
DA:71,0
DA:74,0
DA:76,0
DA:77,0
DA:78,0
DA:79,0
DA:80,0
DA:81,0
DA:82,0
DA:83,0
DA:84,0
DA:86,0
DA:87,0
DA:88,0
DA:89,0
DA:92,0
DA:93,0
DA:95,0
DA:96,0
DA:98,0
DA:99,0
DA:100,0
DA:101,0
DA:102,0
DA:103,0
DA:105,0
DA:106,0
DA:107,0
DA:109,0
DA:110,0
DA:111,0
DA:114,0
DA:115,0
DA:116,0
DA:117,0
DA:118,0
DA:119,1
LH:9
LF:57
end_of_record
SF:/Users/tettuan/github/tmux-monitor/src/arguments.ts
FN:9,<instance_members_initializer>
FN:10,ArgumentParser
FN:15,parse
FNDA:15,<instance_members_initializer>
FNDA:15,ArgumentParser
FNDA:15,parse
FNF:3
FNH:3
BRDA:21,3,0,19
BRDA:23,3,1,5
BRDA:26,3,2,2
BRDA:28,3,3,3
BRDA:30,3,4,14
BRDA:30,3,5,3
BRDA:30,3,6,2
BRDA:33,3,7,0
BRDA:37,3,8,12
BRDA:37,3,9,3
BRDA:39,3,10,1
BRDA:39,3,11,2
BRDA:40,3,12,9
BRDA:40,3,13,2
BRDA:40,3,14,1
BRDA:43,3,15,13
BRDA:45,3,16,12
BRF:17
BRH:16
DA:2,3
DA:9,3
DA:10,3
DA:11,21
DA:12,21
DA:13,21
DA:15,3
DA:16,18
DA:17,18
DA:18,18
DA:21,18
DA:22,37
DA:23,37
DA:24,42
DA:25,42
DA:26,42
DA:27,176
DA:28,44
DA:29,45
DA:30,37
DA:31,53
DA:32,53
DA:33,0
DA:34,0
DA:35,0
DA:36,53
DA:37,51
DA:38,66
DA:39,66
DA:40,63
DA:41,73
DA:42,73
DA:43,37
DA:45,18
DA:46,18
DA:47,18
DA:48,18
DA:49,18
DA:52,72
DA:53,18
DA:54,3
LH:38
LF:41
end_of_record
SF:/Users/tettuan/github/tmux-monitor/src/cancellation.ts
FN:35,<instance_members_initializer>
FN:51,cancel
FN:79,isCancelled
FN:91,getReason
FN:98,getTimestamp
FN:105,reset
FN:121,throwIfCancelled
FN:130,delay
FN:162,race
FN:167,checkCancellation
FNDA:15,<instance_members_initializer>
FNDA:7,cancel
FNDA:15,isCancelled
FNDA:4,getReason
FNDA:5,getTimestamp
FNDA:2,reset
FNDA:2,throwIfCancelled
FNDA:3,delay
FNDA:2,race
FNDA:2,checkCancellation
FNF:10
FNH:10
BRDA:52,2,0,1
BRDA:57,2,1,6
BRDA:80,3,0,5
BRDA:111,6,0,1
BRDA:122,7,0,1
BRDA:135,8,0,4
BRDA:136,8,1,1
BRDA:143,8,2,3
BRDA:151,8,3,2
BRDA:168,12,0,0
BRDA:170,12,1,1
BRDA:172,12,2,0
BRDA:177,12,3,1
BRF:13
BRH:11
DA:34,6
DA:35,6
DA:36,21
DA:37,6
DA:51,6
DA:52,13
DA:53,14
DA:54,14
DA:56,14
DA:57,14
DA:59,19
DA:60,19
DA:61,19
DA:63,19
DA:64,19
DA:66,13
DA:79,6
DA:80,21
DA:81,26
DA:82,26
DA:84,26
DA:85,21
DA:86,21
DA:91,6
DA:92,10
DA:93,10
DA:98,6
DA:99,11
DA:100,11
DA:105,6
DA:106,8
DA:107,8
DA:108,8
DA:109,8
DA:111,8
DA:112,9
DA:113,9
DA:115,9
DA:116,8
DA:121,6
DA:122,8
DA:123,9
DA:124,9
DA:125,8
DA:130,6
DA:131,9
DA:132,9
DA:133,9
DA:135,9
DA:136,13
DA:137,14
DA:138,14
DA:139,14
DA:140,14
DA:142,14
DA:143,14
DA:145,16
DA:146,16
DA:148,16
DA:149,16
DA:150,16
DA:151,13
DA:153,11
DA:154,11
DA:156,11
DA:157,9
DA:162,6
DA:163,8
DA:164,10
DA:165,10
DA:167,10
DA:168,0
DA:170,12
DA:171,13
DA:172,0
DA:173,0
DA:174,0
DA:175,13
DA:176,13
DA:177,13
DA:179,13
DA:180,10
DA:182,10
DA:184,10
DA:185,11
DA:186,11
DA:187,11
DA:188,11
DA:189,11
DA:190,11
DA:191,11
DA:192,0
DA:193,0
DA:194,0
DA:195,0
DA:196,0
DA:197,0
DA:198,0
DA:199,0
DA:200,0
DA:201,8
DA:202,8
DA:203,6
DA:208,6
DA:209,6
LH:92
LF:105
end_of_record
SF:/Users/tettuan/github/tmux-monitor/src/ci.ts
FN:7,<instance_members_initializer>
FN:8,CIManager
FN:13,create
FN:17,detectCIEnvironment
FN:42,handleCIMonitoring
FNDA:7,<instance_members_initializer>
FNDA:7,CIManager
FNDA:7,create
FNDA:13,detectCIEnvironment
FNDA:1,handleCIMonitoring
FNF:5
FNH:5
BRDA:32,4,0,59
BRDA:33,4,1,12
BRDA:37,4,2,1
BRF:3
BRH:3
DA:7,3
DA:8,3
DA:9,13
DA:10,13
DA:11,13
DA:13,3
DA:14,10
DA:15,10
DA:17,3
DA:19,3
DA:20,16
DA:21,16
DA:22,16
DA:23,16
DA:24,16
DA:25,16
DA:26,16
DA:27,16
DA:28,16
DA:29,16
DA:30,16
DA:32,16
DA:33,75
DA:34,87
DA:35,348
DA:36,87
DA:37,75
DA:39,68
DA:40,16
DA:42,3
DA:44,3
DA:45,4
DA:46,4
DA:52,16
DA:53,4
DA:54,3
LH:36
LF:36
end_of_record
SF:/Users/tettuan/github/tmux-monitor/src/communication.ts
FN:8,generateStatusMessage
FN:37,generatePaneListMessage
FN:57,<instance_members_initializer>
FN:58,PaneCommunicator
FN:66,create
FN:70,sendStatusUpdateToPane
FN:98,sendToPane
FN:125,sendInstructionFile
FN:165,sendRegularEnterToInactivePanes
FN:185,sendMainReport
FNDA:3,generateStatusMessage
FNDA:2,generatePaneListMessage
FNDA:6,<instance_members_initializer>
FNDA:6,PaneCommunicator
FNDA:6,create
FNDA:2,sendStatusUpdateToPane
FNDA:2,sendToPane
FNDA:1,sendInstructionFile
FNDA:0,sendRegularEnterToInactivePanes
FNDA:0,sendMainReport
FNF:10
FNH:8
BRDA:28,3,0,0
BRDA:42,6,0,1
BRDA:42,6,1,1
BRDA:84,10,0,1
BRDA:111,11,0,0
BRDA:133,12,0,0
BRDA:139,12,1,0
BRF:7
BRH:3
DA:1,4
DA:7,4
DA:8,4
DA:9,4
DA:10,4
DA:11,4
DA:12,4
DA:13,7
DA:14,7
DA:16,7
DA:17,7
DA:18,8
DA:19,8
DA:20,8
DA:21,7
DA:23,7
DA:24,7
DA:25,8
DA:26,8
DA:28,0
DA:29,8
DA:30,8
DA:31,8
DA:32,7
DA:34,7
DA:35,7
DA:37,4
DA:38,6
DA:39,6
DA:41,6
DA:42,8
DA:43,8
DA:44,8
DA:45,8
DA:46,8
DA:47,8
DA:48,6
DA:50,6
DA:51,6
DA:52,4
DA:57,4
DA:58,4
DA:60,20
DA:62,20
DA:63,20
DA:66,4
DA:67,10
DA:68,10
DA:70,4
DA:71,4
DA:72,4
DA:73,6
DA:74,6
DA:75,6
DA:76,6
DA:77,6
DA:78,6
DA:79,6
DA:80,6
DA:81,6
DA:82,6
DA:84,6
DA:85,7
DA:86,7
DA:87,7
DA:88,7
DA:89,7
DA:90,7
DA:91,7
DA:92,7
DA:93,7
DA:95,28
DA:96,6
DA:98,4
DA:99,4
DA:100,4
DA:101,4
DA:102,6
DA:103,6
DA:104,6
DA:105,6
DA:106,6
DA:107,6
DA:108,6
DA:109,6
DA:111,0
DA:112,0
DA:113,0
DA:114,0
DA:115,0
DA:116,0
DA:117,0
DA:118,0
DA:119,0
DA:120,0
DA:122,24
DA:123,6
DA:125,4
DA:126,4
DA:127,4
DA:128,4
DA:129,5
DA:132,5
DA:133,5
DA:134,0
DA:135,5
DA:136,5
DA:137,20
DA:138,5
DA:139,5
DA:141,0
DA:142,0
DA:143,0
DA:144,0
DA:145,0
DA:146,0
DA:147,0
DA:148,0
DA:149,0
DA:151,0
DA:152,0
DA:153,0
DA:154,0
DA:155,0
DA:156,0
DA:157,0
DA:158,0
DA:159,0
DA:160,0
DA:162,0
DA:163,0
DA:165,0
DA:166,0
DA:167,0
DA:168,0
DA:169,0
DA:170,0
DA:171,0
DA:172,0
DA:173,0
DA:174,0
DA:175,0
DA:177,0
DA:178,0
DA:179,0
DA:181,0
DA:182,0
DA:183,0
DA:185,0
DA:186,0
DA:187,0
DA:188,0
DA:189,0
DA:191,0
DA:192,0
DA:193,0
DA:194,0
DA:195,0
DA:196,0
DA:197,0
DA:198,0
DA:200,0
DA:201,0
DA:202,0
DA:203,0
DA:204,0
DA:205,0
DA:206,0
DA:207,0
DA:208,0
DA:209,0
DA:211,0
DA:212,0
DA:213,4
LH:99
LF:174
end_of_record
SF:/Users/tettuan/github/tmux-monitor/src/config.ts
FNF:0
FNH:0
BRF:0
BRH:0
DA:15,5
DA:16,5
DA:17,5
DA:18,5
DA:19,5
DA:20,5
DA:21,5
DA:22,5
DA:23,5
DA:25,5
DA:26,5
DA:27,5
DA:28,5
DA:29,5
DA:30,5
DA:31,5
DA:32,5
LH:17
LF:17
end_of_record
SF:/Users/tettuan/github/tmux-monitor/src/container.ts
FN:26,<static_initializer>
FN:27,<instance_members_initializer>
FN:29,DIContainer
FN:31,getInstance
FN:38,register
FN:42,get
FN:50,initialize
FN:103,createMonitoringEngine
FNDA:2,<static_initializer>
FNDA:2,<instance_members_initializer>
FNDA:2,DIContainer
FNDA:7,getInstance
FNDA:75,register
FNDA:5,get
FNDA:5,initialize
FNDA:0,createMonitoringEngine
FNF:8
FNH:7
BRDA:32,4,0,2
BRDA:44,6,0,0
BRF:2
BRH:1
DA:2,2
DA:3,2
DA:4,2
DA:5,2
DA:6,2
DA:7,2
DA:8,2
DA:9,2
DA:10,2
DA:11,2
DA:12,2
DA:13,2
DA:14,2
DA:15,2
DA:16,2
DA:17,2
DA:18,2
DA:19,2
DA:20,2
DA:25,2
DA:26,2
DA:27,2
DA:29,2
DA:31,2
DA:32,9
DA:33,11
DA:34,11
DA:35,9
DA:36,9
DA:38,2
DA:39,77
DA:40,77
DA:42,2
DA:43,7
DA:44,0
DA:45,0
DA:46,0
DA:47,7
DA:48,7
DA:50,2
DA:52,7
DA:53,7
DA:54,7
DA:55,0
DA:56,0
DA:59,0
DA:60,0
DA:61,0
DA:63,0
DA:64,0
DA:65,0
DA:67,0
DA:70,7
DA:71,7
DA:72,7
DA:76,0
DA:77,0
DA:78,0
DA:79,0
DA:82,0
DA:83,0
DA:85,0
DA:86,0
DA:87,0
DA:88,0
DA:91,0
DA:92,0
DA:93,0
DA:96,0
DA:97,0
DA:98,0
DA:99,0
DA:101,7
DA:103,0
DA:104,0
DA:105,0
DA:108,0
DA:109,0
DA:110,0
DA:111,0
DA:112,0
DA:113,0
DA:114,0
DA:115,0
DA:117,0
DA:118,0
DA:119,0
DA:120,0
DA:121,0
DA:123,0
DA:124,0
DA:125,0
DA:126,0
DA:127,0
DA:128,0
DA:129,0
DA:130,0
DA:131,0
DA:132,0
DA:133,0
DA:134,0
DA:135,0
DA:136,0
DA:137,0
DA:138,0
DA:140,0
DA:141,2
LH:45
LF:107
end_of_record
SF:/Users/tettuan/github/tmux-monitor/src/display.ts
FN:7,<instance_members_initializer>
FN:8,PaneDisplayer
FN:12,create
FN:16,displayPaneList
FN:28,displayMainAndTargetPanes
FNDA:7,<instance_members_initializer>
FNDA:7,PaneDisplayer
FNDA:7,create
FNDA:2,displayPaneList
FNDA:4,displayMainAndTargetPanes
FNF:5
FNH:5
BRDA:19,5,0,1
BRDA:19,5,1,1
BRF:2
BRH:2
DA:7,3
DA:8,3
DA:9,13
DA:10,13
DA:12,3
DA:13,10
DA:14,10
DA:16,3
DA:17,5
DA:18,5
DA:19,7
DA:20,7
DA:21,7
DA:22,7
DA:23,7
DA:25,5
DA:26,5
DA:28,3
DA:29,3
DA:30,3
DA:31,3
DA:32,7
DA:33,7
DA:34,9
DA:35,9
DA:36,9
DA:37,9
DA:39,7
DA:41,7
DA:42,7
DA:43,9
DA:44,9
DA:45,9
DA:46,9
DA:48,7
DA:49,7
DA:50,3
LH:37
LF:37
end_of_record
SF:/Users/tettuan/github/tmux-monitor/src/engine.ts
FN:13,<instance_members_initializer>
FN:17,MonitoringEngine
FN:45,sendInstructionFileToMainPane
FN:74,sendCIInstructionToMainPane
FN:96,sendAdditionalEnterToAllPanes
FN:113,sendEnterToAllPanesCycle
FN:143,checkAndClearDoneAndIdlePanes
FN:227,processAllPanes
FN:243,updateStatusTracking
FN:260,reportStatusChanges
FN:287,reportToMainPane
FN:353,monitor
FN:539,startContinuousMonitoring
FNDA:0,<instance_members_initializer>
FNDA:0,MonitoringEngine
FNDA:0,sendInstructionFileToMainPane
FNDA:0,sendCIInstructionToMainPane
FNDA:0,sendAdditionalEnterToAllPanes
FNDA:0,sendEnterToAllPanesCycle
FNDA:0,checkAndClearDoneAndIdlePanes
FNDA:0,processAllPanes
FNDA:0,updateStatusTracking
FNDA:0,reportStatusChanges
FNDA:0,reportToMainPane
FNDA:0,monitor
FNDA:0,startContinuousMonitoring
FNF:13
FNH:0
BRF:0
BRH:0
DA:1,3
DA:2,3
DA:5,3
DA:8,3
DA:13,3
DA:14,0
DA:15,0
DA:17,0
DA:18,0
DA:19,0
DA:20,0
DA:21,0
DA:23,0
DA:24,0
DA:26,0
DA:28,0
DA:30,0
DA:32,0
DA:34,0
DA:35,0
DA:37,0
DA:38,0
DA:39,0
DA:40,0
DA:41,0
DA:42,0
DA:43,0
DA:45,0
DA:46,0
DA:47,0
DA:48,0
DA:50,0
DA:51,0
DA:52,0
DA:53,0
DA:54,0
DA:56,0
DA:57,0
DA:60,0
DA:61,0
DA:62,0
DA:64,0
DA:65,0
DA:66,0
DA:68,0
DA:69,0
DA:71,0
DA:72,0
DA:74,0
DA:75,0
DA:76,0
DA:77,0
DA:78,0
DA:79,0
DA:81,0
DA:82,0
DA:84,0
DA:85,0
DA:86,0
DA:87,0
DA:89,0
DA:90,0
DA:92,0
DA:93,0
DA:94,0
DA:96,0
DA:97,0
DA:99,0
DA:100,0
DA:101,0
DA:102,0
DA:103,0
DA:104,0
DA:105,0
DA:107,0
DA:108,0
DA:110,0
DA:111,0
DA:113,0
DA:114,0
DA:115,0
DA:117,0
DA:118,0
DA:121,0
DA:123,0
DA:124,0
DA:126,0
DA:127,0
DA:128,0
DA:129,0
DA:131,0
DA:132,0
DA:133,0
DA:134,0
DA:136,0
DA:137,0
DA:139,0
DA:140,0
DA:141,0
DA:143,0
DA:144,0
DA:145,0
DA:149,0
DA:151,0
DA:152,0
DA:153,0
DA:154,0
DA:156,0
DA:157,0
DA:158,0
DA:159,0
DA:160,0
DA:163,0
DA:165,0
DA:166,0
DA:167,0
DA:168,0
DA:169,0
DA:173,0
DA:174,0
DA:176,0
DA:178,0
DA:179,0
DA:180,0
DA:181,0
DA:182,0
DA:184,0
DA:185,0
DA:189,0
DA:190,0
DA:191,0
DA:192,0
DA:193,0
DA:195,0
DA:196,0
DA:198,0
DA:201,0
DA:202,0
DA:203,0
DA:204,0
DA:205,0
DA:206,0
DA:207,0
DA:208,0
DA:209,0
DA:211,0
DA:212,0
DA:213,0
DA:215,0
DA:216,0
DA:217,0
DA:218,0
DA:219,0
DA:221,0
DA:222,0
DA:223,0
DA:224,0
DA:225,0
DA:227,0
DA:228,0
DA:230,0
DA:231,0
DA:232,0
DA:233,0
DA:234,0
DA:235,0
DA:237,0
DA:238,0
DA:240,0
DA:241,0
DA:243,0
DA:244,0
DA:246,0
DA:247,0
DA:248,0
DA:249,0
DA:251,0
DA:252,0
DA:253,0
DA:255,0
DA:256,0
DA:257,0
DA:258,0
DA:260,0
DA:261,0
DA:262,0
DA:263,0
DA:264,0
DA:265,0
DA:267,0
DA:268,0
DA:269,0
DA:270,0
DA:271,0
DA:272,0
DA:273,0
DA:274,0
DA:276,0
DA:277,0
DA:278,0
DA:280,0
DA:281,0
DA:284,0
DA:285,0
DA:287,0
DA:288,0
DA:289,0
DA:290,0
DA:291,0
DA:292,0
DA:294,0
DA:295,0
DA:299,0
DA:300,0
DA:301,0
DA:302,0
DA:303,0
DA:306,0
DA:307,0
DA:308,0
DA:309,0
DA:310,0
DA:311,0
DA:312,0
DA:313,0
DA:314,0
DA:315,0
DA:316,0
DA:317,0
DA:318,0
DA:319,0
DA:320,0
DA:321,0
DA:322,0
DA:324,0
DA:325,0
DA:326,0
DA:327,0
DA:328,0
DA:329,0
DA:330,0
DA:331,0
DA:332,0
DA:333,0
DA:334,0
DA:335,0
DA:336,0
DA:337,0
DA:338,0
DA:339,0
DA:340,0
DA:342,0
DA:343,0
DA:344,0
DA:345,0
DA:347,0
DA:348,0
DA:349,0
DA:350,0
DA:351,0
DA:353,0
DA:355,0
DA:356,0
DA:357,0
DA:358,0
DA:359,0
DA:361,0
DA:362,0
DA:363,0
DA:364,0
DA:365,0
DA:366,0
DA:368,0
DA:369,0
DA:372,0
DA:373,0
DA:374,0
DA:375,0
DA:377,0
DA:378,0
DA:382,0
DA:383,0
DA:384,0
DA:385,0
DA:387,0
DA:388,0
DA:390,0
DA:391,0
DA:392,0
DA:393,0
DA:394,0
DA:396,0
DA:397,0
DA:398,0
DA:399,0
DA:400,0
DA:401,0
DA:402,0
DA:404,0
DA:405,0
DA:409,0
DA:410,0
DA:411,0
DA:412,0
DA:415,0
DA:416,0
DA:417,0
DA:418,0
DA:421,0
DA:424,0
DA:427,0
DA:428,0
DA:429,0
DA:430,0
DA:431,0
DA:432,0
DA:433,0
DA:434,0
DA:435,0
DA:436,0
DA:437,0
DA:438,0
DA:439,0
DA:440,0
DA:441,0
DA:442,0
DA:443,0
DA:444,0
DA:445,0
DA:446,0
DA:449,0
DA:452,0
DA:453,0
DA:456,0
DA:457,0
DA:458,0
DA:459,0
DA:462,0
DA:463,0
DA:464,0
DA:467,0
DA:468,0
DA:470,0
DA:471,0
DA:472,0
DA:476,0
DA:477,0
DA:478,0
DA:479,0
DA:481,0
DA:482,0
DA:483,0
DA:485,0
DA:486,0
DA:487,0
DA:489,0
DA:490,0
DA:491,0
DA:492,0
DA:493,0
DA:495,0
DA:496,0
DA:497,0
DA:500,0
DA:503,0
DA:504,0
DA:506,0
DA:508,0
DA:511,0
DA:512,0
DA:513,0
DA:515,0
DA:516,0
DA:517,0
DA:518,0
DA:519,0
DA:521,0
DA:522,0
DA:523,0
DA:526,0
DA:527,0
DA:528,0
DA:529,0
DA:530,0
DA:532,0
DA:533,0
DA:534,0
DA:535,0
DA:536,0
DA:537,0
DA:539,0
DA:540,0
DA:541,0
DA:542,0
DA:545,0
DA:546,0
DA:547,0
DA:548,0
DA:549,0
DA:553,0
DA:554,0
DA:555,0
DA:556,0
DA:558,0
DA:559,0
DA:561,0
DA:562,0
DA:564,0
DA:565,0
DA:567,0
DA:568,0
DA:569,0
DA:573,0
DA:576,0
DA:577,0
DA:578,0
DA:580,0
DA:581,0
DA:582,0
DA:584,0
DA:585,0
DA:586,0
DA:587,0
DA:588,3
LH:6
LF:424
end_of_record
SF:/Users/tettuan/github/tmux-monitor/src/models.ts
FN:38,<instance_members_initializer>
FN:39,Pane
FN:44,create
FN:74,isActive
FN:78,getCommand
FN:88,getTitle
FN:100,<instance_members_initializer>
FN:101,PaneDetail
FN:119,create
FN:173,<instance_members_initializer>
FN:174,ValidatedTime
FN:176,create
FN:213,getDate
FN:219,<instance_members_initializer>
FN:220,MonitoringOptions
FN:225,create
FN:246,isContinuous
FN:251,isScheduled
FN:256,getScheduledTime
FN:267,getInstructionFile
FN:279,parse
FN:298,toString
FN:315,isEqual
FNDA:8,<instance_members_initializer>
FNDA:8,Pane
FNDA:10,create
FNDA:11,isActive
FNDA:4,getCommand
FNDA:4,getTitle
FNDA:12,<instance_members_initializer>
FNDA:12,PaneDetail
FNDA:15,create
FNDA:9,<instance_members_initializer>
FNDA:9,ValidatedTime
FNDA:17,create
FNDA:9,getDate
FNDA:19,<instance_members_initializer>
FNDA:19,MonitoringOptions
FNDA:19,create
FNDA:11,isContinuous
FNDA:6,isScheduled
FNDA:13,getScheduledTime
FNDA:13,getInstructionFile
FNDA:22,parse
FNDA:22,toString
FNDA:7,isEqual
FNF:23
FNH:23
BRDA:50,3,0,9
BRDA:50,3,1,2
BRDA:52,3,2,8
BRDA:55,3,3,3
BRDA:58,3,4,1
BRDA:59,3,5,1
BRDA:61,3,6,5
BRDA:61,3,7,1
BRDA:61,3,8,4
BRDA:64,3,9,0
BRDA:65,3,10,0
BRDA:67,3,11,1
BRDA:69,3,12,8
BRDA:80,5,0,2
BRDA:81,5,1,3
BRDA:83,5,2,1
BRDA:90,6,0,2
BRDA:91,6,1,3
BRDA:93,6,2,1
BRDA:143,9,0,42
BRDA:144,9,1,39
BRDA:144,9,2,3
BRDA:147,9,3,12
BRDA:179,12,0,15
BRDA:179,12,1,3
BRDA:181,12,2,14
BRDA:184,12,3,3
BRDA:189,12,4,11
BRDA:194,12,5,10
BRDA:194,12,6,10
BRDA:194,12,7,2
BRDA:199,12,8,15
BRDA:199,12,9,9
BRDA:206,12,10,8
BRDA:208,12,11,9
BRDA:231,16,0,7
BRDA:232,16,1,3
BRDA:233,16,2,4
BRDA:235,16,3,12
BRDA:236,16,4,3
BRDA:236,16,5,9
BRDA:239,16,6,5
BRDA:240,16,7,14
BRDA:247,17,0,8
BRDA:252,18,0,5
BRDA:258,19,0,4
BRDA:259,19,1,7
BRDA:261,19,2,4
BRDA:262,19,3,6
BRDA:269,20,0,5
BRDA:271,20,1,8
BRDA:283,21,0,5
BRDA:285,21,1,10
BRDA:287,21,2,1
BRDA:289,21,3,3
BRDA:291,21,4,1
BRDA:293,21,5,2
BRDA:300,22,0,6
BRDA:302,22,1,10
BRDA:304,22,2,1
BRDA:306,22,3,3
BRDA:308,22,4,1
BRDA:310,22,5,1
BRF:63
BRH:61
DA:1,9
DA:38,9
DA:39,9
DA:40,26
DA:41,26
DA:42,26
DA:44,9
DA:45,9
DA:46,9
DA:47,9
DA:48,9
DA:49,9
DA:50,19
DA:51,126
DA:52,21
DA:54,27
DA:55,19
DA:56,22
DA:57,22
DA:58,22
DA:59,22
DA:60,22
DA:61,19
DA:62,28
DA:63,28
DA:64,0
DA:65,0
DA:66,28
DA:67,24
DA:68,75
DA:69,25
DA:71,108
DA:72,19
DA:74,9
DA:75,20
DA:76,20
DA:78,9
DA:79,13
DA:80,13
DA:81,13
DA:82,16
DA:83,13
DA:84,14
DA:85,13
DA:86,13
DA:88,9
DA:89,13
DA:90,13
DA:91,13
DA:92,16
DA:93,13
DA:94,14
DA:95,13
DA:96,13
DA:97,9
DA:100,9
DA:101,9
DA:102,30
DA:103,30
DA:104,30
DA:105,30
DA:106,30
DA:107,30
DA:108,30
DA:109,30
DA:110,30
DA:111,30
DA:112,30
DA:113,30
DA:114,30
DA:115,30
DA:116,30
DA:117,30
DA:119,9
DA:120,9
DA:121,9
DA:122,9
DA:123,9
DA:124,9
DA:125,9
DA:126,9
DA:127,9
DA:128,9
DA:129,9
DA:130,9
DA:131,9
DA:132,9
DA:133,9
DA:134,9
DA:135,9
DA:137,24
DA:138,96
DA:139,96
DA:140,96
DA:141,24
DA:143,24
DA:144,66
DA:145,414
DA:146,69
DA:147,66
DA:149,36
DA:150,36
DA:151,36
DA:152,36
DA:153,36
DA:154,36
DA:155,36
DA:156,36
DA:157,36
DA:158,36
DA:159,36
DA:160,36
DA:161,36
DA:162,36
DA:163,36
DA:164,36
DA:165,36
DA:166,36
DA:168,36
DA:169,24
DA:170,9
DA:173,9
DA:174,45
DA:176,9
DA:177,9
DA:178,9
DA:179,26
DA:180,174
DA:181,29
DA:183,40
DA:184,26
DA:185,29
DA:186,29
DA:187,116
DA:188,29
DA:189,29
DA:191,37
DA:192,37
DA:194,26
DA:195,28
DA:196,28
DA:197,112
DA:198,28
DA:199,28
DA:201,50
DA:202,50
DA:203,50
DA:206,41
DA:207,49
DA:208,49
DA:210,200
DA:211,26
DA:213,9
DA:214,18
DA:215,18
DA:216,9
DA:219,9
DA:220,9
DA:221,37
DA:222,37
DA:223,37
DA:225,9
DA:226,9
DA:227,9
DA:228,9
DA:229,9
DA:230,28
DA:231,28
DA:232,35
DA:233,146
DA:234,148
DA:235,28
DA:236,212
DA:237,40
DA:239,28
DA:240,122
DA:241,98
DA:243,28
DA:244,28
DA:246,9
DA:247,20
DA:248,20
DA:249,20
DA:251,9
DA:252,15
DA:253,15
DA:254,15
DA:256,9
DA:257,22
DA:258,22
DA:259,22
DA:260,29
DA:261,22
DA:262,22
DA:263,28
DA:264,22
DA:265,22
DA:267,9
DA:268,22
DA:269,22
DA:270,27
DA:271,22
DA:272,30
DA:273,22
DA:274,22
DA:275,9
DA:278,9
DA:279,9
DA:280,31
DA:282,31
DA:283,31
DA:284,108
DA:285,31
DA:286,123
DA:287,31
DA:288,96
DA:289,31
DA:290,102
DA:291,31
DA:292,96
DA:293,31
DA:294,132
DA:295,31
DA:296,31
DA:298,9
DA:299,31
DA:300,31
DA:301,37
DA:302,31
DA:303,41
DA:304,31
DA:305,32
DA:306,31
DA:307,34
DA:308,31
DA:309,32
DA:310,31
DA:311,32
DA:312,31
DA:313,31
DA:315,9
DA:316,16
DA:317,16
DA:318,9
LH:242
LF:244
end_of_record
SF:/Users/tettuan/github/tmux-monitor/src/panes.ts
FN:15,<instance_members_initializer>
FN:16,PaneDataProcessor
FN:18,parsePaneInfo
FN:46,getPaneDetail
FN:162,countSessionOccurrences
FN:170,findMostFrequentSession
FN:183,<instance_members_initializer>
FN:184,StatusAnalyzer
FN:186,isNodeCommand
FN:247,extractStatusFromTitle
FN:263,determineStatus
FN:349,<instance_members_initializer>
FN:353,PaneManager
FN:355,separate
FN:378,getMainPane
FN:382,getTargetPanes
FN:386,getTargetPaneIds
FN:392,<instance_members_initializer>
FN:397,updateStatus
FN:416,getChangedPanes
FN:428,clearChangeFlags
FN:434,getDonePanes
FN:444,getDoneAndIdlePanes
FN:454,getStatus
FNDA:0,<instance_members_initializer>
FNDA:0,PaneDataProcessor
FNDA:0,parsePaneInfo
FNDA:0,getPaneDetail
FNDA:0,countSessionOccurrences
FNDA:0,findMostFrequentSession
FNDA:2,<instance_members_initializer>
FNDA:2,StatusAnalyzer
FNDA:9,isNodeCommand
FNDA:0,extractStatusFromTitle
FNDA:0,determineStatus
FNDA:4,<instance_members_initializer>
FNDA:4,PaneManager
FNDA:3,separate
FNDA:2,getMainPane
FNDA:3,getTargetPanes
FNDA:0,getTargetPaneIds
FNDA:4,<instance_members_initializer>
FNDA:8,updateStatus
FNDA:2,getChangedPanes
FNDA:0,clearChangeFlags
FNDA:0,getDonePanes
FNDA:0,getDoneAndIdlePanes
FNDA:0,getStatus
FNF:24
FNH:11
BRDA:188,9,0,8
BRDA:188,9,1,1
BRDA:190,9,2,8
BRDA:194,9,3,1
BRDA:196,9,4,7
BRDA:238,9,5,0
BRDA:234,10,0,58
BRDA:235,10,1,58
BRDA:358,15,0,1
BRDA:367,15,1,2
BRDA:369,15,2,1
BRDA:372,15,3,1
BRDA:372,15,4,1
BRDA:400,23,0,5
BRDA:403,23,1,3
BRDA:405,23,2,2
BRDA:411,23,3,1
BRDA:419,24,0,4
BRDA:420,24,1,1
BRF:19
BRH:18
DA:1,3
DA:2,3
DA:3,3
DA:4,3
DA:6,3
DA:7,3
DA:9,3
DA:15,3
DA:16,0
DA:18,0
DA:19,0
DA:20,0
DA:21,0
DA:22,0
DA:23,0
DA:25,0
DA:26,0
DA:27,0
DA:28,0
DA:29,0
DA:30,0
DA:31,0
DA:32,0
DA:33,0
DA:34,0
DA:35,0
DA:37,0
DA:38,0
DA:39,0
DA:40,0
DA:42,0
DA:43,0
DA:44,0
DA:46,0
DA:47,0
DA:48,0
DA:49,0
DA:50,0
DA:51,0
DA:64,0
DA:67,0
DA:68,0
DA:69,0
DA:71,0
DA:72,0
DA:73,0
DA:74,0
DA:75,0
DA:76,0
DA:77,0
DA:78,0
DA:79,0
DA:80,0
DA:81,0
DA:82,0
DA:83,0
DA:84,0
DA:85,0
DA:86,0
DA:87,0
DA:88,0
DA:90,0
DA:91,0
DA:92,0
DA:94,0
DA:95,0
DA:96,0
DA:97,0
DA:98,0
DA:99,0
DA:100,0
DA:101,0
DA:102,0
DA:103,0
DA:104,0
DA:105,0
DA:106,0
DA:107,0
DA:108,0
DA:109,0
DA:110,0
DA:111,0
DA:112,0
DA:113,0
DA:114,0
DA:115,0
DA:116,0
DA:117,0
DA:118,0
DA:119,0
DA:120,0
DA:121,0
DA:122,0
DA:123,0
DA:124,0
DA:125,0
DA:126,0
DA:127,0
DA:128,0
DA:129,0
DA:130,0
DA:131,0
DA:132,0
DA:133,0
DA:134,0
DA:135,0
DA:136,0
DA:137,0
DA:138,0
DA:139,0
DA:140,0
DA:141,0
DA:143,0
DA:144,0
DA:145,0
DA:146,0
DA:147,0
DA:148,0
DA:149,0
DA:150,0
DA:151,0
DA:152,0
DA:153,0
DA:154,0
DA:155,0
DA:156,0
DA:157,0
DA:158,0
DA:160,0
DA:162,0
DA:163,0
DA:164,0
DA:165,0
DA:166,0
DA:167,0
DA:168,0
DA:170,0
DA:171,0
DA:172,0
DA:173,0
DA:174,0
DA:175,0
DA:176,0
DA:177,0
DA:178,0
DA:179,0
DA:180,0
DA:181,3
DA:183,3
DA:184,13
DA:186,3
DA:188,12
DA:189,13
DA:190,13
DA:193,20
DA:194,12
DA:195,13
DA:196,13
DA:199,19
DA:200,19
DA:201,19
DA:202,19
DA:203,19
DA:204,19
DA:205,19
DA:206,19
DA:207,19
DA:208,19
DA:211,19
DA:212,19
DA:213,19
DA:214,19
DA:215,19
DA:216,19
DA:217,19
DA:218,19
DA:219,19
DA:220,19
DA:221,19
DA:222,19
DA:223,19
DA:224,19
DA:225,19
DA:226,19
DA:227,19
DA:230,76
DA:232,19
DA:233,19
DA:234,82
DA:235,82
DA:236,82
DA:237,19
DA:238,0
DA:239,0
DA:240,0
DA:241,0
DA:243,0
DA:244,0
DA:245,12
DA:247,0
DA:248,0
DA:249,0
DA:250,0
DA:252,0
DA:254,0
DA:255,0
DA:256,0
DA:257,0
DA:258,0
DA:260,0
DA:261,0
DA:263,0
DA:264,0
DA:265,0
DA:266,0
DA:267,0
DA:270,0
DA:271,0
DA:272,0
DA:273,0
DA:278,0
DA:279,0
DA:280,0
DA:283,0
DA:284,0
DA:285,0
DA:286,0
DA:289,0
DA:290,0
DA:291,0
DA:292,0
DA:293,0
DA:294,0
DA:295,0
DA:296,0
DA:297,0
DA:298,0
DA:299,0
DA:300,0
DA:301,0
DA:302,0
DA:305,0
DA:306,0
DA:307,0
DA:308,0
DA:309,0
DA:310,0
DA:311,0
DA:312,0
DA:313,0
DA:314,0
DA:315,0
DA:316,0
DA:317,0
DA:318,0
DA:319,0
DA:320,0
DA:321,0
DA:322,0
DA:323,0
DA:326,0
DA:328,0
DA:329,0
DA:330,0
DA:331,0
DA:332,0
DA:333,0
DA:334,0
DA:335,0
DA:336,0
DA:337,0
DA:338,0
DA:341,0
DA:342,0
DA:343,0
DA:344,0
DA:345,0
DA:346,0
DA:347,3
DA:349,3
DA:350,14
DA:351,10
DA:353,17
DA:355,3
DA:356,3
DA:357,3
DA:358,6
DA:359,7
DA:360,7
DA:361,7
DA:362,7
DA:363,7
DA:364,7
DA:365,7
DA:366,7
DA:367,7
DA:369,6
DA:370,6
DA:372,6
DA:373,6
DA:375,24
DA:376,6
DA:378,3
DA:379,5
DA:380,5
DA:382,3
DA:383,6
DA:384,6
DA:386,0
DA:387,0
DA:388,0
DA:389,3
DA:391,3
DA:392,3
DA:395,3
DA:397,3
DA:398,11
DA:400,11
DA:401,48
DA:402,16
DA:403,16
DA:405,11
DA:406,13
DA:407,13
DA:408,13
DA:409,13
DA:410,13
DA:411,13
DA:413,12
DA:414,11
DA:416,3
DA:417,5
DA:419,5
DA:420,9
DA:421,40
DA:422,10
DA:423,9
DA:425,5
DA:426,5
DA:428,0
DA:429,0
DA:430,0
DA:431,0
DA:432,0
DA:434,0
DA:435,0
DA:436,0
DA:437,0
DA:438,0
DA:439,0
DA:440,0
DA:441,0
DA:442,0
DA:444,0
DA:445,0
DA:446,0
DA:447,0
DA:448,0
DA:449,0
DA:450,0
DA:451,0
DA:452,0
DA:454,0
DA:455,0
DA:456,0
DA:457,0
DA:458,3
LH:113
LF:367
end_of_record
SF:/Users/tettuan/github/tmux-monitor/src/services.ts
FN:37,execute
FN:89,executeTmuxCommand
FN:148,info
FN:157,warn
FN:167,error
FN:186,sleep
FN:190,formatTimeForDisplay
FN:201,waitUntilScheduledTime
FN:263,<instance_members_initializer>
FN:266,setup
FN:298,startKeyListener
FN:364,cleanup
FN:397,isCancellationRequested
FN:401,waitWithKeyboardInterrupt
FN:406,sleepWithCancellation
FN:431,<instance_members_initializer>
FN:434,RuntimeTracker
FN:439,getStartTime
FN:443,hasExceededLimit
FN:461,logStartupInfo
FN:473,getRemainingTime
FNDA:0,execute
FNDA:4,executeTmuxCommand
FNDA:3,info
FNDA:0,warn
FNDA:2,error
FNDA:1,sleep
FNDA:3,formatTimeForDisplay
FNDA:0,waitUntilScheduledTime
FNDA:3,<instance_members_initializer>
FNDA:0,setup
FNDA:0,startKeyListener
FNDA:0,cleanup
FNDA:2,isCancellationRequested
FNDA:0,waitWithKeyboardInterrupt
FNDA:1,sleepWithCancellation
FNDA:5,<instance_members_initializer>
FNDA:5,RuntimeTracker
FNDA:1,getStartTime
FNDA:2,hasExceededLimit
FNDA:1,logStartupInfo
FNDA:1,getRemainingTime
FNF:21
FNH:14
BRDA:92,2,0,3
BRDA:92,2,1,2
BRDA:105,2,2,1
BRDA:115,2,3,0
BRDA:168,5,0,1
BRDA:448,20,0,1
BRF:6
BRH:5
DA:1,4
DA:2,4
DA:26,4
DA:37,0
DA:38,0
DA:39,0
DA:40,0
DA:41,0
DA:42,0
DA:44,0
DA:45,0
DA:46,0
DA:47,0
DA:48,0
DA:49,0
DA:51,0
DA:53,0
DA:54,0
DA:55,0
DA:56,0
DA:57,0
DA:58,0
DA:59,0
DA:60,0
DA:61,0
DA:62,0
DA:63,0
DA:65,0
DA:66,0
DA:67,0
DA:68,0
DA:69,0
DA:70,0
DA:71,0
DA:72,0
DA:73,0
DA:74,0
DA:75,0
DA:76,0
DA:77,0
DA:89,4
DA:90,4
DA:91,4
DA:92,8
DA:93,60
DA:94,10
DA:96,10
DA:97,10
DA:98,40
DA:99,10
DA:100,10
DA:101,10
DA:103,10
DA:105,8
DA:106,9
DA:107,9
DA:108,9
DA:109,45
DA:110,9
DA:111,9
DA:113,9
DA:114,36
DA:115,0
DA:116,0
DA:117,0
DA:118,0
DA:119,0
DA:120,0
DA:121,0
DA:122,0
DA:123,0
DA:124,0
DA:125,8
DA:126,4
DA:142,4
DA:148,4
DA:149,7
DA:150,7
DA:157,0
DA:158,0
DA:159,0
DA:167,4
DA:168,6
DA:169,6
DA:170,4
DA:185,4
DA:186,4
DA:187,5
DA:188,5
DA:190,4
DA:191,7
DA:192,7
DA:193,7
DA:194,7
DA:195,7
DA:196,7
DA:197,7
DA:198,7
DA:199,7
DA:201,0
DA:202,0
DA:203,0
DA:204,0
DA:205,0
DA:206,0
DA:207,0
DA:209,0
DA:210,0
DA:211,0
DA:212,0
DA:214,0
DA:215,0
DA:216,0
DA:218,0
DA:219,0
DA:220,0
DA:221,0
DA:224,0
DA:225,0
DA:226,0
DA:227,0
DA:228,0
DA:229,0
DA:230,0
DA:231,0
DA:232,0
DA:233,0
DA:235,0
DA:236,0
DA:237,4
DA:262,4
DA:263,4
DA:264,4
DA:266,0
DA:267,0
DA:268,0
DA:269,0
DA:271,0
DA:273,0
DA:275,0
DA:276,0
DA:277,0
DA:279,0
DA:282,0
DA:283,0
DA:284,0
DA:285,0
DA:288,0
DA:289,0
DA:291,0
DA:292,0
DA:293,0
DA:294,0
DA:295,0
DA:296,0
DA:298,0
DA:299,0
DA:301,0
DA:302,0
DA:305,0
DA:306,0
DA:307,0
DA:308,0
DA:310,0
DA:312,0
DA:313,0
DA:314,0
DA:316,0
DA:318,0
DA:319,0
DA:320,0
DA:323,0
DA:324,0
DA:325,0
DA:327,0
DA:330,0
DA:331,0
DA:333,0
DA:334,0
DA:335,0
DA:336,0
DA:337,0
DA:339,0
DA:340,0
DA:342,0
DA:343,0
DA:344,0
DA:345,0
DA:346,0
DA:347,0
DA:348,0
DA:349,0
DA:351,0
DA:352,0
DA:353,0
DA:355,0
DA:356,0
DA:357,0
DA:359,0
DA:360,0
DA:362,0
DA:364,0
DA:365,0
DA:366,0
DA:367,0
DA:369,0
DA:370,0
DA:373,0
DA:374,0
DA:375,0
DA:376,0
DA:377,0
DA:379,0
DA:381,0
DA:382,0
DA:385,0
DA:386,0
DA:387,0
DA:390,0
DA:392,0
DA:393,0
DA:395,0
DA:397,4
DA:398,6
DA:399,6
DA:401,0
DA:403,0
DA:404,0
DA:406,4
DA:407,4
DA:408,4
DA:409,4
DA:410,5
DA:411,5
DA:412,5
DA:413,4
DA:430,4
DA:431,4
DA:432,4
DA:434,4
DA:435,9
DA:436,9
DA:437,9
DA:439,4
DA:440,5
DA:441,5
DA:443,4
DA:444,6
DA:445,6
DA:446,6
DA:448,6
DA:449,7
DA:450,7
DA:451,7
DA:452,7
DA:453,7
DA:454,7
DA:455,7
DA:456,7
DA:458,28
DA:459,6
DA:461,4
DA:462,5
DA:463,5
DA:465,5
DA:466,5
DA:469,5
DA:470,5
DA:471,5
DA:473,4
DA:474,5
DA:475,5
DA:476,5
DA:477,5
DA:478,4
LH:103
LF:275
end_of_record
SF:/Users/tettuan/github/tmux-monitor/src/session.ts
FN:8,<instance_members_initializer>
FN:9,TmuxSession
FN:14,create
FN:18,findMostActiveSession
FN:78,getAllPanes
FNDA:7,<instance_members_initializer>
FNDA:7,TmuxSession
FNDA:7,create
FNDA:3,findMostActiveSession
FNDA:3,getAllPanes
FNF:5
FNH:5
BRDA:29,4,0,1
BRDA:38,4,1,2
BRDA:43,4,2,1
BRDA:50,4,3,2
BRDA:52,4,4,0
BRDA:53,4,5,1
BRDA:58,4,6,1
BRDA:62,4,7,1
BRDA:64,4,8,0
BRDA:73,4,9,1
BRDA:90,6,0,1
BRDA:99,6,1,2
BRDA:108,6,2,1
BRDA:129,6,3,0
BRF:14
BRH:11
DA:1,3
DA:2,3
DA:8,3
DA:9,3
DA:10,13
DA:11,13
DA:12,13
DA:14,3
DA:15,10
DA:16,10
DA:18,3
DA:20,3
DA:22,6
DA:23,6
DA:24,6
DA:25,6
DA:26,6
DA:27,6
DA:29,6
DA:30,7
DA:31,7
DA:32,7
DA:33,7
DA:34,7
DA:35,7
DA:36,7
DA:37,7
DA:38,7
DA:40,8
DA:41,8
DA:43,6
DA:44,42
DA:45,7
DA:47,7
DA:48,7
DA:50,6
DA:51,8
DA:52,0
DA:53,8
DA:56,8
DA:58,8
DA:59,9
DA:60,9
DA:61,9
DA:62,8
DA:64,0
DA:65,0
DA:66,0
DA:67,0
DA:68,0
DA:69,0
DA:70,0
DA:71,0
DA:72,0
DA:73,0
DA:75,28
DA:76,6
DA:78,3
DA:79,3
DA:80,3
DA:81,6
DA:82,6
DA:83,6
DA:84,6
DA:85,6
DA:86,6
DA:87,6
DA:88,6
DA:90,6
DA:91,7
DA:92,7
DA:93,7
DA:94,7
DA:95,7
DA:96,7
DA:97,7
DA:98,7
DA:99,7
DA:101,8
DA:102,8
DA:104,8
DA:106,8
DA:107,8
DA:108,8
DA:109,9
DA:110,9
DA:111,9
DA:112,9
DA:113,9
DA:114,9
DA:115,9
DA:116,9
DA:117,9
DA:118,9
DA:119,9
DA:120,9
DA:121,9
DA:122,9
DA:123,9
DA:124,9
DA:127,9
DA:128,9
DA:129,0
DA:130,0
DA:131,0
DA:132,9
DA:133,8
DA:135,32
DA:136,6
DA:137,3
LH:96
LF:110
end_of_record
SF:/Users/tettuan/github/tmux-monitor/src/types.ts
FN:39,createError
FN:47,getDefaultMessage
FNDA:25,createError
FNDA:33,getDefaultMessage
FNF:2
FNH:2
BRDA:44,1,0,24
BRDA:49,2,0,1
BRDA:51,2,1,13
BRDA:53,2,2,1
BRDA:55,2,3,5
BRDA:57,2,4,1
BRDA:59,2,5,6
BRDA:61,2,6,2
BRDA:63,2,7,2
BRDA:65,2,8,1
BRDA:67,2,9,0
BRDA:69,2,10,0
BRDA:71,2,11,1
BRF:13
BRH:11
DA:39,11
DA:40,11
DA:41,11
DA:42,11
DA:43,36
DA:44,36
DA:45,11
DA:47,11
DA:48,44
DA:49,44
DA:50,45
DA:51,44
DA:52,57
DA:53,44
DA:54,45
DA:55,44
DA:56,49
DA:57,44
DA:58,45
DA:59,44
DA:60,50
DA:61,44
DA:62,46
DA:63,44
DA:64,46
DA:65,44
DA:66,45
DA:67,0
DA:68,0
DA:69,0
DA:70,0
DA:71,44
DA:72,45
DA:73,44
DA:74,11
LH:31
LF:35
end_of_record
